
================================================================================
üöÄ MULTI-AGENT SYSTEM STARTING
================================================================================

üìù User Query: What product categories are frequently bought together with sports and leisure?
üìÅ Dataset Path: /Users/rootx/DataScience_Std/iLab/dataset


================================================================================

ü§ñ Starting agent orchestration...
üîß WORKFLOW PLAN
==================================================
Task Status: ‚úÖ SUPPORTED
üìã EXPECTED DELIVERABLES:
  1. List of product categories frequently bought with sports and leisure
  2. Business insights on product associations
üîÑ WORKFLOW STEPS:
  Step 1: data_acquisition
    Reason: To load and validate the dataset containing product purchase information
  Step 2: recommendation_agent
    Reason: To perform market basket analysis and identify product categories frequently bought with sports and leisure
  Step 3: optimization_agent
    Reason: To review and enhance the analysis methodology for accurate results
  Step 4: business_insight_agent
    Reason: To translate the findings into actionable business strategies
  Step 5: visualization_agent
    Reason: To provide visualization support for the business insights

‚úÖ Agent orchestration completed.


================================================================================

ü§ñ Starting data acquisition...

‚úÖ Data acquisition completed.


================================================================================

ü§ñ Starting recommendation analysis...


================================================================================

ü§ñ Starting debugging ...
error: Recommendation analysis failed: 'lift'
ERROR TRACEBACK:Traceback (most recent call last):
  File "/Users/rootx/DataScience_Std/iLab/AutoMate/agents/recommendation.py", line 96, in recommendation_agent
    final_df = execute_generated_code(code, datasets)
  File "/Users/rootx/DataScience_Std/iLab/AutoMate/utils.py", line 139, in execute_generated_code
    exec(code, safe_globals)
    ~~~~^^^^^^^^^^^^^^^^^^^^
  File "<string>", line 92, in <module>
  File "/Users/rootx/DataScience_Std/LANGGRAPH/.venv/lib/python3.13/site-packages/pandas/core/frame.py", line 7179, in sort_values
    keys = [self._get_label_or_level_values(x, axis=axis) for x in by]
            ~~~~~~~~~~~~~~~~~~~~~~~~~~~~~~~^^^^^^^^^^^^^^
  File "/Users/rootx/DataScience_Std/LANGGRAPH/.venv/lib/python3.13/site-packages/pandas/core/generic.py", line 1911, in _get_label_or_level_values
    raise KeyError(key)
KeyError: 'lift'
 
from: recommendation_agent
error_feedback: The error is due to a KeyError for 'lift', indicating that the column 'lift' is not present in the DataFrame. Check if the column name is correct or if the DataFrame is being populated correctly before sorting. Consider adding a check to ensure the column exists before attempting to sort by it.

‚úÖ Debugging completed.


================================================================================

ü§ñ Starting recommendation analysis...


================================================================================

ü§ñ Starting debugging ...
error: Recommendation analysis failed: 'consequents'
ERROR TRACEBACK:Traceback (most recent call last):
  File "/Users/rootx/DataScience_Std/LANGGRAPH/.venv/lib/python3.13/site-packages/pandas/core/indexes/base.py", line 3812, in get_loc
    return self._engine.get_loc(casted_key)
           ~~~~~~~~~~~~~~~~~~~~^^^^^^^^^^^^
  File "pandas/_libs/index.pyx", line 167, in pandas._libs.index.IndexEngine.get_loc
  File "pandas/_libs/index.pyx", line 196, in pandas._libs.index.IndexEngine.get_loc
  File "pandas/_libs/hashtable_class_helper.pxi", line 7088, in pandas._libs.hashtable.PyObjectHashTable.get_item
  File "pandas/_libs/hashtable_class_helper.pxi", line 7096, in pandas._libs.hashtable.PyObjectHashTable.get_item
KeyError: 'consequents'

The above exception was the direct cause of the following exception:

Traceback (most recent call last):
  File "/Users/rootx/DataScience_Std/iLab/AutoMate/agents/recommendation.py", line 96, in recommendation_agent
    final_df = execute_generated_code(code, datasets)
  File "/Users/rootx/DataScience_Std/iLab/AutoMate/utils.py", line 139, in execute_generated_code
    exec(code, safe_globals)
    ~~~~^^^^^^^^^^^^^^^^^^^^
  File "<string>", line 75, in <module>
  File "/Users/rootx/DataScience_Std/LANGGRAPH/.venv/lib/python3.13/site-packages/pandas/core/frame.py", line 4107, in __getitem__
    indexer = self.columns.get_loc(key)
  File "/Users/rootx/DataScience_Std/LANGGRAPH/.venv/lib/python3.13/site-packages/pandas/core/indexes/base.py", line 3819, in get_loc
    raise KeyError(key) from err
KeyError: 'consequents'
 
from: recommendation_agent
error_feedback: The error is due to a missing 'consequents' column in the DataFrame, which is likely a data issue or a code generation error. Since this issue has occurred more than twice, it suggests a persistent problem that requires a change in the workflow or data preprocessing step. Consider checking the data source or modifying the code generation logic to ensure the 'consequents' column is present.

‚úÖ Debugging completed.


================================================================================

ü§ñ Starting recommendation analysis...
‚úÖ Code execution successful! Final shape: (3, 5)
‚úÖ Recommendation analysis completed.


================================================================================

ü§ñ Running optimization cycle 1/3
‚úì Approval: True

‚úÖ Optimization completed.


================================================================================

üíº Starting business insight translation...
üíº BUSINESS INSIGHTS & RECOMMENDATIONS
**EXECUTIVE SUMMARY**
Our analysis reveals that when customers purchase sports and leisure products, they often also buy items from the health and beauty, watches and gifts, and housewares categories. This suggests potential cross-selling opportunities that could enhance sales and customer satisfaction.

**KEY INSIGHTS**
- **Health and Beauty**: This category is frequently bought with sports and leisure items, with a notable association strength. Customers interested in sports may also be focused on personal wellness and grooming.
- **Watches and Gifts**: Although less frequent, there is a significant link between sports and leisure purchases and watches and gifts, indicating a potential for bundling or promotional offers.
- **Housewares**: There is a moderate association with housewares, suggesting that customers might be looking to complement their active lifestyle with home-related products.

**BUSINESS IMPLICATIONS**
- **Cross-Selling Opportunities**: The strong association with health and beauty products presents a clear opportunity to create bundled offers or targeted promotions to increase average transaction value.
- **Promotional Strategies**: The link with watches and gifts suggests potential for themed promotions, especially around holidays or special events.
- **Product Placement**: Consider strategic placement of housewares near sports and leisure sections to capture the interest of customers who might be looking to enhance their lifestyle.

**ACTIONABLE RECOMMENDATIONS**
1. **Develop Bundled Offers**: Create packages that combine sports and leisure products with health and beauty items to encourage larger purchases.
2. **Targeted Marketing Campaigns**: Launch campaigns that highlight the connection between sports and leisure and watches and gifts, especially during gift-giving seasons.
3. **In-Store Layout Adjustments**: Position housewares near sports and leisure sections to increase visibility and impulse purchases.
4. **Customer Feedback Collection**: Gather insights from customers on their preferences when buying sports and leisure products to refine product offerings.
5. **Monitor Sales Data**: Regularly review sales data to identify any shifts in purchasing patterns and adjust strategies accordingly.

**NEXT STEPS**
- **Further Analysis**: Conduct deeper analysis to understand the specific products within these categories that are most frequently bought together.
- **Data Collection**: Gather customer feedback on why they purchase these combinations to tailor marketing strategies.
- **Monitor Metrics**: Track the success of cross-selling initiatives by monitoring changes in average transaction value and customer satisfaction scores.

üìä Visualization Recommendation: Consider using a bar chart to visually represent the strength of association between sports and leisure and the other product categories, highlighting the potential for cross-selling.
================================================================================

‚úÖ Business insight generation completed.


================================================================================

üìä Starting visualization generation...

üß™ Executing Visualization Code...


‚úÖ Visualization generation completed.

================================================================================
‚úÖ MULTI-AGENT SYSTEM COMPLETED
================================================================================